<?xml version="1.0" encoding="UTF-8"?>
<testng-results ignored="0" total="1" passed="1" failed="0" skipped="0">
  <reporter-output>
  </reporter-output>
  <suite started-at="2023-01-08T10:20:47 GMT" name="org.vrp.utils.common.JMarshallTest" finished-at="2023-01-08T10:20:48 GMT" duration-ms="1206">
    <groups>
    </groups>
    <test started-at="2023-01-08T10:20:47 GMT" name="Command line test" finished-at="2023-01-08T10:20:48 GMT" duration-ms="1206">
      <class name="org.vrp.utils.common.JMarshallTest">
        <test-method signature="getFieldIndexTest()[pri:0, instance:org.vrp.utils.common.JMarshallTest@4afcd809]" started-at="2023-01-08T10:20:47 GMT" name="getFieldIndexTest" finished-at="2023-01-08T10:20:48 GMT" duration-ms="1176" status="PASS">
          <reporter-output>
          </reporter-output>
        </test-method> <!-- getFieldIndexTest -->
      </class> <!-- org.vrp.utils.common.JMarshallTest -->
    </test> <!-- Command line test -->
  </suite> <!-- org.vrp.utils.common.JMarshallTest -->
</testng-results>
